#
# There is insufficient memory for the Java Runtime Environment to continue.
# Native memory allocation (malloc) failed to allocate 782176 bytes for Chunk::new
# Possible reasons:
#   The system is out of physical RAM or swap space
#   The process is running with CompressedOops enabled, and the Java Heap may be blocking the growth of the native heap
# Possible solutions:
#   Reduce memory load on the system
#   Increase physical memory or swap space
#   Check if swap backing store is full
#   Decrease Java heap size (-Xmx/-Xms)
#   Decrease number of Java threads
#   Decrease Java thread stack sizes (-Xss)
#   Set larger code cache with -XX:ReservedCodeCacheSize=
#   JVM is running with Unscaled Compressed Oops mode in which the Java heap is
#     placed in the first 4GB address space. The Java Heap base address is the
#     maximum limit for the native heap growth. Please use -XX:HeapBaseMinAddress
#     to set the Java Heap base and to place the Java Heap above 4GB virtual address.
# This output file may be truncated or incomplete.
#
#  Out of Memory Error (allocation.cpp:389), pid=1020, tid=0x00000000000027b4
#
# JRE version: OpenJDK Runtime Environment (8.0_242-b01) (build 1.8.0_242-release-1644-b01)
# Java VM: OpenJDK 64-Bit Server VM (25.242-b01 mixed mode windows-amd64 compressed oops)
# Failed to write core dump. Minidumps are not enabled by default on client versions of Windows
#

---------------  T H R E A D  ---------------

Current thread (0x00000000173aa800):  JavaThread "C2 CompilerThread0" daemon [_thread_in_native, id=10164, stack(0x0000000018a30000,0x0000000018b30000)]

Stack: [0x0000000018a30000,0x0000000018b30000]
[error occurred during error reporting (printing stack bounds), id 0xc0000005]

Native frames: (J=compiled Java code, j=interpreted, Vv=VM code, C=native code)


Current CompileTask:
C2:   1394 1629       4       java.net.URLClassLoader$1::run (5 bytes)


---------------  P R O C E S S  ---------------

Java Threads: ( => current thread )
  0x0000000018d69800 JavaThread "Service Thread" daemon [_thread_blocked, id=13184, stack(0x0000000019130000,0x0000000019230000)]
  0x00000000173bc800 JavaThread "C1 CompilerThread2" daemon [_thread_blocked, id=16472, stack(0x0000000018c30000,0x0000000018d30000)]
  0x00000000173ad800 JavaThread "C2 CompilerThread1" daemon [_thread_in_native, id=6384, stack(0x0000000018b30000,0x0000000018c30000)]
=>0x00000000173aa800 JavaThread "C2 CompilerThread0" daemon [_thread_in_native, id=10164, stack(0x0000000018a30000,0x0000000018b30000)]
  0x00000000173a8800 JavaThread "Attach Listener" daemon [_thread_blocked, id=13096, stack(0x0000000018930000,0x0000000018a30000)]
  0x00000000173a6000 JavaThread "Signal Dispatcher" daemon [_thread_blocked, id=960, stack(0x0000000018830000,0x0000000018930000)]
  0x000000000282c800 JavaThread "Finalizer" daemon [_thread_blocked, id=3816, stack(0x0000000018620000,0x0000000018720000)]
  0x0000000017389800 JavaThread "Reference Handler" daemon [_thread_blocked, id=2372, stack(0x0000000018520000,0x0000000018620000)]
  0x0000000002732800 JavaThread "main" [_thread_in_vm, id=18332, stack(0x0000000000e80000,0x0000000000f80000)]

Other Threads:
  0x0000000017366800 VMThread [stack: 0x0000000018420000,0x0000000018520000] [id=13916]
  0x0000000018d6b800 WatcherThread [stack: 0x0000000019230000,0x0000000019330000] [id=18628]

VM state:not at safepoint (normal execution)

VM Mutex/Monitor currently owned by a thread: None

heap address: 0x0000000081c00000, size: 2020 MB, Compressed Oops mode: 32-bit
Narrow klass base: 0x0000000000000000, Narrow klass shift: 3
Compressed class space size: 1073741824 Address: 0x0000000100000000

Heap:
 PSYoungGen      total 71680K, used 26723K [0x00000000d5f00000, 0x00000000daa00000, 0x0000000100000000)
  eden space 66560K, 40% used [0x00000000d5f00000,0x00000000d7918cf0,0x00000000da000000)
  from space 5120K, 0% used [0x00000000da500000,0x00000000da500000,0x00000000daa00000)
  to   space 5120K, 0% used [0x00000000da000000,0x00000000da000000,0x00000000da500000)
 ParOldGen       total 67072K, used 9000K [0x0000000081c00000, 0x0000000085d80000, 0x00000000d5f00000)
  object space 67072K, 13% used [0x0000000081c00000,0x00000000824ca278,0x0000000085d80000)
 Metaspace       used 22078K, capacity 22524K, committed 22784K, reserved 1071104K
  class space    used 2599K, capacity 2735K, committed 2816K, reserved 1048576K

Card table byte_map: [0x0000000011c00000,0x0000000012000000] byte_map_base: 0x00000000117f2000

Marking Bits: (ParMarkBitMap*) 0x0000000076e3f030
 Begin Bits: [0x00000000126b0000, 0x0000000014640000)
 End Bits:   [0x0000000014640000, 0x00000000165d0000)

Polling page: 0x0000000000940000

CodeCache: size=245760Kb used=5097Kb max_used=5113Kb free=240662Kb
 bounds [0x0000000002840000, 0x0000000002d50000, 0x0000000011840000]
 total_blobs=2063 nmethods=1656 adapters=320
 compilation: enabled

Compilation events (10 events):
Event: 1.381 Thread 0x00000000173bc800 1656       3       java.lang.invoke.MethodHandleNatives::refKindIsMethod (19 bytes)
Event: 1.381 Thread 0x00000000173bc800 nmethod 1656 0x0000000002d34fd0 code [0x0000000002d35140, 0x0000000002d353d0]
Event: 1.381 Thread 0x00000000173bc800 1657   !   3       java.util.concurrent.ConcurrentHashMap::transfer (832 bytes)
Event: 1.383 Thread 0x00000000173bc800 nmethod 1657 0x0000000002d35490 code [0x0000000002d35800, 0x0000000002d37df8]
Event: 1.383 Thread 0x00000000173bc800 1659       3       jdk.internal.org.objectweb.asm.Frame::pop (43 bytes)
Event: 1.383 Thread 0x00000000173bc800 nmethod 1659 0x0000000002d39ed0 code [0x0000000002d3a040, 0x0000000002d3a230]
Event: 1.390 Thread 0x00000000173bc800 1660       3       org.jetbrains.kotlin.com.intellij.openapi.util.text.StringUtilRt::toLowerCase (37 bytes)
Event: 1.390 Thread 0x00000000173bc800 nmethod 1660 0x0000000002d3a310 code [0x0000000002d3a4a0, 0x0000000002d3a8b8]
Event: 1.390 Thread 0x00000000173bc800 1661       3       sun.misc.URLClassPath::getResource (83 bytes)
Event: 1.390 Thread 0x00000000173bc800 nmethod 1661 0x0000000002d3aa10 code [0x0000000002d3aba0, 0x0000000002d3af68]

GC Heap History (6 events):
Event: 0.615 GC heap before
{Heap before GC invocations=1 (full 0):
 PSYoungGen      total 38400K, used 33280K [0x00000000d5f00000, 0x00000000d8980000, 0x0000000100000000)
  eden space 33280K, 100% used [0x00000000d5f00000,0x00000000d7f80000,0x00000000d7f80000)
  from space 5120K, 0% used [0x00000000d8480000,0x00000000d8480000,0x00000000d8980000)
  to   space 5120K, 0% used [0x00000000d7f80000,0x00000000d7f80000,0x00000000d8480000)
 ParOldGen       total 87552K, used 0K [0x0000000081c00000, 0x0000000087180000, 0x00000000d5f00000)
  object space 87552K, 0% used [0x0000000081c00000,0x0000000081c00000,0x0000000087180000)
 Metaspace       used 10299K, capacity 10460K, committed 10624K, reserved 1058816K
  class space    used 1092K, capacity 1148K, committed 1152K, reserved 1048576K
Event: 0.622 GC heap after
Heap after GC invocations=1 (full 0):
 PSYoungGen      total 38400K, used 5097K [0x00000000d5f00000, 0x00000000daa00000, 0x0000000100000000)
  eden space 33280K, 0% used [0x00000000d5f00000,0x00000000d5f00000,0x00000000d7f80000)
  from space 5120K, 99% used [0x00000000d7f80000,0x00000000d847a608,0x00000000d8480000)
  to   space 5120K, 0% used [0x00000000da500000,0x00000000da500000,0x00000000daa00000)
 ParOldGen       total 87552K, used 2520K [0x0000000081c00000, 0x0000000087180000, 0x00000000d5f00000)
  object space 87552K, 2% used [0x0000000081c00000,0x0000000081e76110,0x0000000087180000)
 Metaspace       used 10299K, capacity 10460K, committed 10624K, reserved 1058816K
  class space    used 1092K, capacity 1148K, committed 1152K, reserved 1048576K
}
Event: 1.003 GC heap before
{Heap before GC invocations=2 (full 0):
 PSYoungGen      total 38400K, used 35437K [0x00000000d5f00000, 0x00000000daa00000, 0x0000000100000000)
  eden space 33280K, 91% used [0x00000000d5f00000,0x00000000d7ca10a8,0x00000000d7f80000)
  from space 5120K, 99% used [0x00000000d7f80000,0x00000000d847a608,0x00000000d8480000)
  to   space 5120K, 0% used [0x00000000da500000,0x00000000da500000,0x00000000daa00000)
 ParOldGen       total 87552K, used 2520K [0x0000000081c00000, 0x0000000087180000, 0x00000000d5f00000)
  object space 87552K, 2% used [0x0000000081c00000,0x0000000081e76110,0x0000000087180000)
 Metaspace       used 15250K, capacity 15508K, committed 15744K, reserved 1069056K
  class space    used 1734K, capacity 1834K, committed 1920K, reserved 1048576K
Event: 1.011 GC heap after
Heap after GC invocations=2 (full 0):
 PSYoungGen      total 71680K, used 5107K [0x00000000d5f00000, 0x00000000daa00000, 0x0000000100000000)
  eden space 66560K, 0% used [0x00000000d5f00000,0x00000000d5f00000,0x00000000da000000)
  from space 5120K, 99% used [0x00000000da500000,0x00000000da9fcfd0,0x00000000daa00000)
  to   space 5120K, 0% used [0x00000000da000000,0x00000000da000000,0x00000000da500000)
 ParOldGen       total 87552K, used 6684K [0x0000000081c00000, 0x0000000087180000, 0x00000000d5f00000)
  object space 87552K, 7% used [0x0000000081c00000,0x0000000082287378,0x0000000087180000)
 Metaspace       used 15250K, capacity 15508K, committed 15744K, reserved 1069056K
  class space    used 1734K, capacity 1834K, committed 1920K, reserved 1048576K
}
Event: 1.011 GC heap before
{Heap before GC invocations=3 (full 1):
 PSYoungGen      total 71680K, used 5107K [0x00000000d5f00000, 0x00000000daa00000, 0x0000000100000000)
  eden space 66560K, 0% used [0x00000000d5f00000,0x00000000d5f00000,0x00000000da000000)
  from space 5120K, 99% used [0x00000000da500000,0x00000000da9fcfd0,0x00000000daa00000)
  to   space 5120K, 0% used [0x00000000da000000,0x00000000da000000,0x00000000da500000)
 ParOldGen       total 87552K, used 6684K [0x0000000081c00000, 0x0000000087180000, 0x00000000d5f00000)
  object space 87552K, 7% used [0x0000000081c00000,0x0000000082287378,0x0000000087180000)
 Metaspace       used 15250K, capacity 15508K, committed 15744K, reserved 1069056K
  class space    used 1734K, capacity 1834K, committed 1920K, reserved 1048576K
Event: 1.035 GC heap after
Heap after GC invocations=3 (full 1):
 PSYoungGen      total 71680K, used 0K [0x00000000d5f00000, 0x00000000daa00000, 0x0000000100000000)
  eden space 66560K, 0% used [0x00000000d5f00000,0x00000000d5f00000,0x00000000da000000)
  from space 5120K, 0% used [0x00000000da500000,0x00000000da500000,0x00000000daa00000)
  to   space 5120K, 0% used [0x00000000da000000,0x00000000da000000,0x00000000da500000)
 ParOldGen       total 67072K, used 9000K [0x0000000081c00000, 0x0000000085d80000, 0x00000000d5f00000)
  object space 67072K, 13% used [0x0000000081c00000,0x00000000824ca278,0x0000000085d80000)
 Metaspace       used 15250K, capacity 15508K, committed 15744K, reserved 1067008K
  class space    used 1734K, capacity 1834K, committed 1920K, reserved 1048576K
}

Deoptimization events (10 events):
Event: 0.599 Thread 0x0000000002732800 Uncommon trap: reason=unstable_if action=reinterpret pc=0x0000000002ad07f8 method=kotlin.reflect.jvm.internal.impl.protobuf.CodedInputStream.readRawVarint32()I @ 10
Event: 0.868 Thread 0x0000000002732800 Uncommon trap: reason=unstable_if action=reinterpret pc=0x00000000029d1954 method=java.lang.String.replace(CC)Ljava/lang/String; @ 2
Event: 1.287 Thread 0x0000000002732800 Uncommon trap: reason=class_check action=maybe_recompile pc=0x0000000002bee6ac method=java.util.Collections$UnmodifiableList.get(I)Ljava/lang/Object; @ 5
Event: 1.287 Thread 0x0000000002732800 Uncommon trap: reason=class_check action=maybe_recompile pc=0x0000000002bee6ac method=java.util.Collections$UnmodifiableList.get(I)Ljava/lang/Object; @ 5
Event: 1.288 Thread 0x0000000002732800 Uncommon trap: reason=class_check action=maybe_recompile pc=0x0000000002bee6ac method=java.util.Collections$UnmodifiableList.get(I)Ljava/lang/Object; @ 5
Event: 1.288 Thread 0x0000000002732800 Uncommon trap: reason=class_check action=maybe_recompile pc=0x0000000002bee6ac method=java.util.Collections$UnmodifiableList.get(I)Ljava/lang/Object; @ 5
Event: 1.289 Thread 0x0000000002732800 Uncommon trap: reason=unstable_if action=reinterpret pc=0x0000000002a8aab0 method=java.lang.String.startsWith(Ljava/lang/String;I)Z @ 25
Event: 1.289 Thread 0x0000000002732800 Uncommon trap: reason=unstable_if action=reinterpret pc=0x00000000029f92c8 method=java.lang.String.startsWith(Ljava/lang/String;I)Z @ 25
Event: 1.367 Thread 0x0000000002732800 Uncommon trap: reason=unstable_if action=reinterpret pc=0x0000000002c95a34 method=sun.misc.MetaIndex.mayContain(Ljava/lang/String;)Z @ 38
Event: 1.367 Thread 0x0000000002732800 Uncommon trap: reason=unstable_if action=reinterpret pc=0x0000000002a78420 method=sun.misc.MetaIndex.mayContain(Ljava/lang/String;)Z @ 38

Classes redefined (0 events):
No events

Internal exceptions (10 events):
Event: 0.398 Thread 0x0000000002732800 Exception <a 'java/security/PrivilegedActionException'> (0x00000000d6ef32a0) thrown at [C:\src\AOSP-openjdk-git\hotspot\src\share\vm\prims\jvm.cpp, line 1502]
Event: 0.398 Thread 0x0000000002732800 Exception <a 'java/security/PrivilegedActionException'> (0x00000000d6ef4d90) thrown at [C:\src\AOSP-openjdk-git\hotspot\src\share\vm\prims\jvm.cpp, line 1502]
Event: 0.398 Thread 0x0000000002732800 Exception <a 'java/security/PrivilegedActionException'> (0x00000000d6ef5188) thrown at [C:\src\AOSP-openjdk-git\hotspot\src\share\vm\prims\jvm.cpp, line 1502]
Event: 0.577 Thread 0x0000000002732800 Exception <a 'java/lang/ArrayIndexOutOfBoundsException'> (0x00000000d7c56370) thrown at [C:\src\AOSP-openjdk-git\hotspot\src\share\vm\runtime\sharedRuntime.cpp, line 605]
Event: 0.717 Thread 0x0000000002732800 Exception <a 'java/lang/ArrayIndexOutOfBoundsException'> (0x00000000d65978e8) thrown at [C:\src\AOSP-openjdk-git\hotspot\src\share\vm\runtime\sharedRuntime.cpp, line 605]
Event: 1.121 Thread 0x0000000002732800 Exception <a 'java/lang/NoSuchMethodError': java.lang.Object.lambda$comparing$77a9974f$1(Ljava/util/function/Function;Ljava/lang/Object;Ljava/lang/Object;)I> (0x00000000d665ecf8) thrown at [C:\src\AOSP-openjdk-git\hotspot\src\share\vm\interpreter\linkReso
Event: 1.134 Thread 0x0000000002732800 Exception <a 'java/lang/NoSuchMethodError': java.lang.Object.lambda$static$0()J> (0x00000000d6761e70) thrown at [C:\src\AOSP-openjdk-git\hotspot\src\share\vm\interpreter\linkResolver.cpp, line 620]
Event: 1.250 Thread 0x0000000002732800 Exception <a 'java/lang/NoSuchMethodError': java.lang.Object.lambda$static$0(I)[Lorg/jetbrains/kotlin/com/intellij/openapi/editor/event/DocumentListener;> (0x00000000d6eb0658) thrown at [C:\src\AOSP-openjdk-git\hotspot\src\share\vm\interpreter\linkResolve
Event: 1.276 Thread 0x0000000002732800 Exception <a 'java/lang/NoSuchMethodError': java.lang.Object.lambda$static$0(I)[Lorg/jetbrains/kotlin/com/intellij/psi/PsiAnnotation;> (0x00000000d70cd508) thrown at [C:\src\AOSP-openjdk-git\hotspot\src\share\vm\interpreter\linkResolver.cpp, line 620]
Event: 1.355 Thread 0x0000000002732800 Exception <a 'java/lang/NoSuchMethodError': java.lang.Object.lambda$static$0(I)[Lorg/jetbrains/kotlin/com/intellij/psi/PsiElement;> (0x00000000d76b6840) thrown at [C:\src\AOSP-openjdk-git\hotspot\src\share\vm\interpreter\linkResolver.cpp, line 620]

Events (10 events):
Event: 1.391 loading class org/jetbrains/kotlin/com/intellij/util/containers/ConcurrentWeakValueHashMap$MyWeakReference
Event: 1.391 loading class org/jetbrains/kotlin/com/intellij/util/containers/ConcurrentWeakValueHashMap$MyWeakReference done
Event: 1.391 loading class org/jetbrains/kotlin/com/intellij/openapi/vfs/VFileProperty
Event: 1.391 loading class org/jetbrains/kotlin/com/intellij/openapi/vfs/VFileProperty done
Event: 1.392 loading class org/jetbrains/kotlin/psi/KtFile
Event: 1.392 loading class org/jetbrains/kotlin/psi/KtFile done
Event: 1.392 loading class org/jetbrains/kotlin/com/intellij/psi/PsiClassOwner
Event: 1.392 loading class org/jetbrains/kotlin/com/intellij/psi/PsiClassOwner done
Event: 1.393 loading class org/jetbrains/kotlin/com/intellij/psi/PsiModifiableCodeBlock
Event: 1.393 loading class org/jetbrains/kotlin/com/intellij/psi/PsiModifiableCodeBlock done


Dynamic libraries:
0x00007ff618120000 - 0x00007ff618151000 	C:\Program Files\Android\Android Studio\jre\jre\bin\java.exe
0x00007ffc9b620000 - 0x00007ffc9b810000 	C:\windows\SYSTEM32\ntdll.dll
0x00007ffc99c00000 - 0x00007ffc99cb2000 	C:\windows\System32\KERNEL32.DLL
0x00007ffc993c0000 - 0x00007ffc99665000 	C:\windows\System32\KERNELBASE.dll
0x00007ffc9a6e0000 - 0x00007ffc9a783000 	C:\windows\System32\ADVAPI32.dll
0x00007ffc99870000 - 0x00007ffc9990e000 	C:\windows\System32\msvcrt.dll
0x00007ffc9a340000 - 0x00007ffc9a3d7000 	C:\windows\System32\sechost.dll
0x00007ffc9add0000 - 0x00007ffc9aef0000 	C:\windows\System32\RPCRT4.dll
0x00007ffc996d0000 - 0x00007ffc99864000 	C:\windows\System32\USER32.dll
0x00007ffc99670000 - 0x00007ffc99691000 	C:\windows\System32\win32u.dll
0x00007ffc9a520000 - 0x00007ffc9a546000 	C:\windows\System32\GDI32.dll
0x00007ffc98860000 - 0x00007ffc989f6000 	C:\windows\System32\gdi32full.dll
0x00007ffc99320000 - 0x00007ffc993be000 	C:\windows\System32\msvcp_win.dll
0x00007ffc99200000 - 0x00007ffc992fa000 	C:\windows\System32\ucrtbase.dll
0x00007ffc87000000 - 0x00007ffc87284000 	C:\windows\WinSxS\amd64_microsoft.windows.common-controls_6595b64144ccf1df_6.0.18362.1139_none_9e7bf2d3e4605ac6\COMCTL32.dll
0x00007ffc9a7f0000 - 0x00007ffc9ab25000 	C:\windows\System32\combase.dll
0x00007ffc99180000 - 0x00007ffc99200000 	C:\windows\System32\bcryptPrimitives.dll
0x00007ffc9a2a0000 - 0x00007ffc9a2ce000 	C:\windows\System32\IMM32.DLL
0x0000000076fc0000 - 0x0000000077092000 	C:\Program Files\Android\Android Studio\jre\jre\bin\msvcr100.dll
0x0000000076670000 - 0x0000000076ebb000 	C:\Program Files\Android\Android Studio\jre\jre\bin\server\jvm.dll
0x00007ffc9a570000 - 0x00007ffc9a578000 	C:\windows\System32\PSAPI.DLL
0x00007ffc8b0c0000 - 0x00007ffc8b0ca000 	C:\windows\SYSTEM32\VERSION.dll
0x00007ffc94d00000 - 0x00007ffc94d24000 	C:\windows\SYSTEM32\WINMM.dll
0x00007ffc768d0000 - 0x00007ffc768d9000 	C:\windows\SYSTEM32\WSOCK32.dll
0x00007ffc9ab30000 - 0x00007ffc9ab9f000 	C:\windows\System32\WS2_32.dll
0x00007ffc94cd0000 - 0x00007ffc94cfd000 	C:\windows\SYSTEM32\winmmbase.dll
0x00007ffc985b0000 - 0x00007ffc985fa000 	C:\windows\System32\cfgmgr32.dll
0x00007ffc76880000 - 0x00007ffc7688f000 	C:\Program Files\Android\Android Studio\jre\jre\bin\verify.dll
0x00007ffc6b3d0000 - 0x00007ffc6b3f9000 	C:\Program Files\Android\Android Studio\jre\jre\bin\java.dll
0x00007ffc75eb0000 - 0x00007ffc75ec6000 	C:\Program Files\Android\Android Studio\jre\jre\bin\zip.dll
0x00007ffc9aef0000 - 0x00007ffc9b5d7000 	C:\windows\System32\SHELL32.dll
0x00007ffc99cc0000 - 0x00007ffc99d69000 	C:\windows\System32\shcore.dll
0x00007ffc98a00000 - 0x00007ffc99180000 	C:\windows\System32\windows.storage.dll
0x00007ffc98560000 - 0x00007ffc98583000 	C:\windows\System32\profapi.dll
0x00007ffc984f0000 - 0x00007ffc9853a000 	C:\windows\System32\powrprof.dll
0x00007ffc984e0000 - 0x00007ffc984f0000 	C:\windows\System32\UMPDC.dll
0x00007ffc9aba0000 - 0x00007ffc9abf2000 	C:\windows\System32\shlwapi.dll
0x00007ffc98540000 - 0x00007ffc98551000 	C:\windows\System32\kernel.appcore.dll
0x00007ffc99300000 - 0x00007ffc99317000 	C:\windows\System32\cryptsp.dll

VM Arguments:
java_command: org.jetbrains.kotlin.cli.jvm.K2JVMCompiler @G:\AndroDev\RW-RedditClone\starter\app\build\20201109_8312138676432957205.compiler.options
java_class_path (initial): C:\Users\User\.gradle\caches\modules-2\files-2.1\org.jetbrains.kotlin\kotlin-compiler-embeddable\1.4.10\38c4b99d5d5362debdd9302a866730379aa2328a\kotlin-compiler-embeddable-1.4.10.jar;C:\Users\User\.gradle\caches\modules-2\files-2.1\org.jetbrains.kotlin\kotlin-reflect\1.4.10\e2b3c6695eee6085e606d96d685396dce23a3a06\kotlin-reflect-1.4.10.jar;C:\Users\User\.gradle\caches\modules-2\files-2.1\org.jetbrains.kotlin\kotlin-stdlib\1.4.10\ea29e063d2bbe695be13e9d044dcfb0c7add398e\kotlin-stdlib-1.4.10.jar;C:\Users\User\.gradle\caches\modules-2\files-2.1\org.jetbrains.kotlin\kotlin-script-runtime\1.4.10\7c19d9c2001e016cd7664cebe9eea66fc04a7f4f\kotlin-script-runtime-1.4.10.jar;C:\Users\User\.gradle\caches\modules-2\files-2.1\org.jetbrains.kotlin\kotlin-daemon-embeddable\1.4.10\dbd67f42bed28043d17d7c860b06110a00a45970\kotlin-daemon-embeddable-1.4.10.jar;C:\Users\User\.gradle\caches\modules-2\files-2.1\org.jetbrains.intellij.deps\trove4j\1.0.20181211\216c2e14b070f334479d800987affe4054cd563f\trove4j-1.0.20181211.jar;C:\Users\User\.gradle\caches\modules-2\files-2.1\org.jetbrains.kotlin\kotlin-stdlib-common\1.4.10\6229be3465805c99db1142ad75e6c6ddeac0b04c\kotlin-stdlib-common-1.4.10.jar;C:\Users\User\.gradle\caches\modules-2\files-2.1\org.jetbrains\annotations\13.0\919f0dfe192fb4e063e7dacadee7f8bb9a2672a9\annotations-13.0.jar;C:\Program Files\Android\Android Studio\jre\lib\tools.jar
Launcher Type: SUN_STANDARD

Environment Variables:
PATH=C:\Program Files (x86)\Common Files\Oracle\Java\javapath;C:\ProgramData\Oracle\Java\javapath;C:\Program Files (x86)\Common Files\Intel\Shared Libraries\redist\intel64\compiler;C:\Program Files (x86)\Intel\iCLS Client\;C:\Program Files\Intel\iCLS Client\;C:\windows\system32;C:\windows;C:\windows\System32\Wbem;C:\windows\System32\WindowsPowerShell\v1.0\;C:\Program Files (x86)\Intel\Intel(R) Management Engine Components\DAL;C:\Program Files\Intel\Intel(R) Management Engine Components\DAL;C:\Program Files (x86)\Intel\Intel(R) Management Engine Components\IPT;C:\Program Files\Intel\Intel(R) Management Engine Components\IPT;C:\Program Files (x86)\NVIDIA Corporation\PhysX\Common;C:\WINDOWS\system32;C:\WINDOWS;C:\WINDOWS\System32\Wbem;C:\WINDOWS\System32\WindowsPowerShell\v1.0\;C:\WINDOWS\System32\OpenSSH\;C:\Program Files\NVIDIA Corporation\NVIDIA NvDLISR;G:\Git\cmd;C:\MinGW\bin;C:\Program Files\nodejs\;C:\windows\system32;C:\windows;C:\windows\System32\Wbem;C:\windows\System32\WindowsPowerShell\v1.0\;C:\windows\System32\OpenSSH\;C:\Users\User\AppData\Local\Programs\Python\Python38-32\Scripts\;C:\Program Files (x86)\Common Files\Acronis\VirtualFile\;C:\Program Files (x86)\Common Files\Acronis\VirtualFile64\;C:\Program Files (x86)\Common Files\Acronis\FileProtector\;C:\Program Files (x86)\Common Files\Acronis\FileProtector64\;C:\Program Files (x86)\Common Files\Acronis\SnapAPI\;C:\Users\User\AppData\Local\Programs\Python\Python38-32\Scripts\;C:\Users\User\AppData\Local\Programs\Python\Python38-32\;G:\загрузки\mingw64tdm\bin;G:\Microsoft VS Code\bin;C:\Users\User\AppData\Local\Microsoft\WindowsApps;C:\Program Files\JetBrains\DataGrip 2019.2.3\bin;;C:\Users\User\AppData\Roaming\npm;C:\Users\User\Documents\R\win-library\3.6\BH\include\boost\python;C:\Program Files\JetBrains\WebStorm 2019.3.4\bin;;C:\Program Files\JetBrains\IntelliJ IDEA Community Edition 2020.1.2\bin;;C:\Program Files\Java\jdk-14.0.2\bin;C:\Users\User\AppData\Local\GitHubDesktop\bin;E:\cybersec\Nmap
USERNAME=User
OS=Windows_NT
PROCESSOR_IDENTIFIER=Intel64 Family 6 Model 158 Stepping 9, GenuineIntel



---------------  S Y S T E M  ---------------

OS: Windows 10.0 , 64 bit Build 18362 (10.0.18362.1110)

CPU:total 4 (initial active 4) (4 cores per cpu, 1 threads per core) family 6 model 158 stepping 9, cmov, cx8, fxsr, mmx, sse, sse2, sse3, ssse3, sse4.1, sse4.2, popcnt, avx, avx2, aes, clmul, erms, 3dnowpref, lzcnt, tsc, tscinvbit, bmi1, bmi2, adx

Memory: 4k page, physical 8271076k(1150764k free), swap 18511076k(5128k free)

vm_info: OpenJDK 64-Bit Server VM (25.242-b01) for windows-amd64 JRE (1.8.0_242-release-1644-b01), built by "builder" with MS VC++ 10.0 (VS2010)

time: Mon Nov 09 22:45:03 2020
timezone: Центральная Азия (зима)
elapsed time: 1 seconds (0d 0h 0m 1s)

