#
# There is insufficient memory for the Java Runtime Environment to continue.
# Native memory allocation (malloc) failed to allocate 662976 bytes for Chunk::new
# Possible reasons:
#   The system is out of physical RAM or swap space
#   The process is running with CompressedOops enabled, and the Java Heap may be blocking the growth of the native heap
# Possible solutions:
#   Reduce memory load on the system
#   Increase physical memory or swap space
#   Check if swap backing store is full
#   Decrease Java heap size (-Xmx/-Xms)
#   Decrease number of Java threads
#   Decrease Java thread stack sizes (-Xss)
#   Set larger code cache with -XX:ReservedCodeCacheSize=
#   JVM is running with Unscaled Compressed Oops mode in which the Java heap is
#     placed in the first 4GB address space. The Java Heap base address is the
#     maximum limit for the native heap growth. Please use -XX:HeapBaseMinAddress
#     to set the Java Heap base and to place the Java Heap above 4GB virtual address.
# This output file may be truncated or incomplete.
#
#  Out of Memory Error (allocation.cpp:389), pid=19060, tid=0x000000000000468c
#
# JRE version: OpenJDK Runtime Environment (8.0_242-b01) (build 1.8.0_242-release-1644-b01)
# Java VM: OpenJDK 64-Bit Server VM (25.242-b01 mixed mode windows-amd64 compressed oops)
# Failed to write core dump. Minidumps are not enabled by default on client versions of Windows
#

---------------  T H R E A D  ---------------

Current thread (0x0000000017b56000):  JavaThread "C2 CompilerThread0" daemon [_thread_in_native, id=18060, stack(0x00000000191d0000,0x00000000192d0000)]

Stack: [0x00000000191d0000,0x00000000192d0000]
[error occurred during error reporting (printing stack bounds), id 0xc0000005]

Native frames: (J=compiled Java code, j=interpreted, Vv=VM code, C=native code)


Current CompileTask:
C2:   3575 3569       4       org.jetbrains.org.objectweb.asm.ClassReader::readMethod (1047 bytes)


---------------  P R O C E S S  ---------------

Java Threads: ( => current thread )
  0x000000001950f000 JavaThread "Service Thread" daemon [_thread_blocked, id=13512, stack(0x00000000198d0000,0x00000000199d0000)]
  0x0000000017b86000 JavaThread "C1 CompilerThread2" daemon [_thread_in_vm, id=19700, stack(0x00000000193d0000,0x00000000194d0000)]
  0x0000000017b5d000 JavaThread "C2 CompilerThread1" daemon [_thread_in_native, id=10428, stack(0x00000000192d0000,0x00000000193d0000)]
=>0x0000000017b56000 JavaThread "C2 CompilerThread0" daemon [_thread_in_native, id=18060, stack(0x00000000191d0000,0x00000000192d0000)]
  0x0000000017b54000 JavaThread "Attach Listener" daemon [_thread_blocked, id=20060, stack(0x00000000190d0000,0x00000000191d0000)]
  0x0000000017b5a800 JavaThread "Signal Dispatcher" daemon [_thread_blocked, id=19288, stack(0x0000000018fd0000,0x00000000190d0000)]
  0x000000000301e000 JavaThread "Finalizer" daemon [_thread_blocked, id=18020, stack(0x0000000018dc0000,0x0000000018ec0000)]
  0x0000000003013800 JavaThread "Reference Handler" daemon [_thread_blocked, id=11104, stack(0x0000000018cc0000,0x0000000018dc0000)]
  0x0000000002f22800 JavaThread "main" [_thread_in_Java, id=11040, stack(0x0000000002d30000,0x0000000002e30000)]

Other Threads:
  0x0000000017b17800 VMThread [stack: 0x0000000018bc0000,0x0000000018cc0000] [id=7280]
  0x0000000019510000 WatcherThread [stack: 0x00000000199d0000,0x0000000019ad0000] [id=10752]

VM state:not at safepoint (normal execution)

VM Mutex/Monitor currently owned by a thread: None

heap address: 0x0000000081c00000, size: 2020 MB, Compressed Oops mode: 32-bit
Narrow klass base: 0x0000000000000000, Narrow klass shift: 3
Compressed class space size: 1073741824 Address: 0x0000000100000000

Heap:
 PSYoungGen      total 89088K, used 68241K [0x00000000d5f00000, 0x00000000de000000, 0x0000000100000000)
  eden space 72704K, 93% used [0x00000000d5f00000,0x00000000da1a4400,0x00000000da600000)
  from space 16384K, 0% used [0x00000000db600000,0x00000000db600000,0x00000000dc600000)
  to   space 16384K, 0% used [0x00000000da600000,0x00000000da600000,0x00000000db600000)
 ParOldGen       total 66048K, used 16193K [0x0000000081c00000, 0x0000000085c80000, 0x00000000d5f00000)
  object space 66048K, 24% used [0x0000000081c00000,0x0000000082bd0648,0x0000000085c80000)
 Metaspace       used 41231K, capacity 41848K, committed 42240K, reserved 1085440K
  class space    used 5122K, capacity 5296K, committed 5376K, reserved 1048576K

Card table byte_map: [0x00000000123e0000,0x00000000127e0000] byte_map_base: 0x0000000011fd2000

Marking Bits: (ParMarkBitMap*) 0x0000000076e3f030
 Begin Bits: [0x0000000012e90000, 0x0000000014e20000)
 End Bits:   [0x0000000014e20000, 0x0000000016db0000)

Polling page: 0x00000000014b0000

CodeCache: size=245760Kb used=12003Kb max_used=12003Kb free=233756Kb
 bounds [0x0000000003020000, 0x0000000003bf0000, 0x0000000012020000]
 total_blobs=4095 nmethods=3628 adapters=380
 compilation: enabled

Compilation events (10 events):
Event: 3.570 Thread 0x0000000017b86000 nmethod 3637 0x0000000003bd44d0 code [0x0000000003bd4660, 0x0000000003bd49b8]
Event: 3.570 Thread 0x0000000017b86000 3638       3       org.jetbrains.kotlin.protobuf.CodedOutputStream::computeEnumSizeNoTag (5 bytes)
Event: 3.570 Thread 0x0000000017b86000 nmethod 3638 0x0000000003bd4b50 code [0x0000000003bd4cc0, 0x0000000003bd4ec8]
Event: 3.570 Thread 0x0000000017b86000 3642       2       org.jetbrains.kotlin.protobuf.CodedOutputStream::computeBoolSize (10 bytes)
Event: 3.570 Thread 0x0000000017b86000 nmethod 3642 0x0000000003bd4f90 code [0x0000000003bd50e0, 0x0000000003bd5248]
Event: 3.570 Thread 0x0000000017b86000 3635       3       org.jetbrains.kotlin.metadata.ProtoBuf$Annotation$Argument::getSerializedSize (73 bytes)
Event: 3.571 Thread 0x0000000017b86000 nmethod 3635 0x0000000003bd5310 code [0x0000000003bd5500, 0x0000000003bd5c98]
Event: 3.571 Thread 0x0000000017b86000 3628       3       org.jetbrains.kotlin.serialization.deserialization.DeserializationContext::<init> (177 bytes)
Event: 3.573 Thread 0x0000000017b86000 nmethod 3628 0x0000000003bd60d0 code [0x0000000003bd66a0, 0x0000000003bd9d48]
Event: 3.573 Thread 0x0000000017b86000 3644       2       org.jetbrains.kotlin.metadata.ProtoBuf$Annotation::writeTo (72 bytes)

GC Heap History (10 events):
Event: 1.312 GC heap before
{Heap before GC invocations=4 (full 1):
 PSYoungGen      total 38400K, used 5104K [0x00000000d5f00000, 0x00000000daa00000, 0x0000000100000000)
  eden space 33280K, 0% used [0x00000000d5f00000,0x00000000d5f00000,0x00000000d7f80000)
  from space 5120K, 99% used [0x00000000d7f80000,0x00000000d847c020,0x00000000d8480000)
  to   space 5120K, 0% used [0x00000000da500000,0x00000000da500000,0x00000000daa00000)
 ParOldGen       total 87552K, used 11794K [0x0000000081c00000, 0x0000000087180000, 0x00000000d5f00000)
  object space 87552K, 13% used [0x0000000081c00000,0x0000000082784ad0,0x0000000087180000)
 Metaspace       used 20818K, capacity 21204K, committed 21248K, reserved 1069056K
  class space    used 2424K, capacity 2558K, committed 2560K, reserved 1048576K
Event: 1.340 GC heap after
Heap after GC invocations=4 (full 1):
 PSYoungGen      total 38400K, used 0K [0x00000000d5f00000, 0x00000000daa00000, 0x0000000100000000)
  eden space 33280K, 0% used [0x00000000d5f00000,0x00000000d5f00000,0x00000000d7f80000)
  from space 5120K, 0% used [0x00000000d7f80000,0x00000000d7f80000,0x00000000d8480000)
  to   space 5120K, 0% used [0x00000000da500000,0x00000000da500000,0x00000000daa00000)
 ParOldGen       total 66048K, used 9235K [0x0000000081c00000, 0x0000000085c80000, 0x00000000d5f00000)
  object space 66048K, 13% used [0x0000000081c00000,0x0000000082504c78,0x0000000085c80000)
 Metaspace       used 20818K, capacity 21204K, committed 21248K, reserved 1069056K
  class space    used 2424K, capacity 2558K, committed 2560K, reserved 1048576K
}
Event: 1.748 GC heap before
{Heap before GC invocations=5 (full 1):
 PSYoungGen      total 38400K, used 33280K [0x00000000d5f00000, 0x00000000daa00000, 0x0000000100000000)
  eden space 33280K, 100% used [0x00000000d5f00000,0x00000000d7f80000,0x00000000d7f80000)
  from space 5120K, 0% used [0x00000000d7f80000,0x00000000d7f80000,0x00000000d8480000)
  to   space 5120K, 0% used [0x00000000da500000,0x00000000da500000,0x00000000daa00000)
 ParOldGen       total 66048K, used 9235K [0x0000000081c00000, 0x0000000085c80000, 0x00000000d5f00000)
  object space 66048K, 13% used [0x0000000081c00000,0x0000000082504c78,0x0000000085c80000)
 Metaspace       used 24433K, capacity 24980K, committed 25088K, reserved 1071104K
  class space    used 2898K, capacity 3059K, committed 3072K, reserved 1048576K
Event: 1.756 GC heap after
Heap after GC invocations=5 (full 1):
 PSYoungGen      total 54272K, used 5118K [0x00000000d5f00000, 0x00000000daa00000, 0x0000000100000000)
  eden space 49152K, 0% used [0x00000000d5f00000,0x00000000d5f00000,0x00000000d8f00000)
  from space 5120K, 99% used [0x00000000da500000,0x00000000da9ff988,0x00000000daa00000)
  to   space 5120K, 0% used [0x00000000da000000,0x00000000da000000,0x00000000da500000)
 ParOldGen       total 66048K, used 11419K [0x0000000081c00000, 0x0000000085c80000, 0x00000000d5f00000)
  object space 66048K, 17% used [0x0000000081c00000,0x0000000082726d30,0x0000000085c80000)
 Metaspace       used 24433K, capacity 24980K, committed 25088K, reserved 1071104K
  class space    used 2898K, capacity 3059K, committed 3072K, reserved 1048576K
}
Event: 2.400 GC heap before
{Heap before GC invocations=6 (full 1):
 PSYoungGen      total 54272K, used 54270K [0x00000000d5f00000, 0x00000000daa00000, 0x0000000100000000)
  eden space 49152K, 100% used [0x00000000d5f00000,0x00000000d8f00000,0x00000000d8f00000)
  from space 5120K, 99% used [0x00000000da500000,0x00000000da9ff988,0x00000000daa00000)
  to   space 5120K, 0% used [0x00000000da000000,0x00000000da000000,0x00000000da500000)
 ParOldGen       total 66048K, used 11419K [0x0000000081c00000, 0x0000000085c80000, 0x00000000d5f00000)
  object space 66048K, 17% used [0x0000000081c00000,0x0000000082726d30,0x0000000085c80000)
 Metaspace       used 33070K, capacity 33570K, committed 34048K, reserved 1079296K
  class space    used 4131K, capacity 4315K, committed 4352K, reserved 1048576K
Event: 2.412 GC heap after
Heap after GC invocations=6 (full 1):
 PSYoungGen      total 71680K, used 5091K [0x00000000d5f00000, 0x00000000dc600000, 0x0000000100000000)
  eden space 66560K, 0% used [0x00000000d5f00000,0x00000000d5f00000,0x00000000da000000)
  from space 5120K, 99% used [0x00000000da000000,0x00000000da4f8c60,0x00000000da500000)
  to   space 16384K, 0% used [0x00000000db600000,0x00000000db600000,0x00000000dc600000)
 ParOldGen       total 66048K, used 23733K [0x0000000081c00000, 0x0000000085c80000, 0x00000000d5f00000)
  object space 66048K, 35% used [0x0000000081c00000,0x000000008332d620,0x0000000085c80000)
 Metaspace       used 33070K, capacity 33570K, committed 34048K, reserved 1079296K
  class space    used 4131K, capacity 4315K, committed 4352K, reserved 1048576K
}
Event: 2.640 GC heap before
{Heap before GC invocations=7 (full 1):
 PSYoungGen      total 71680K, used 11859K [0x00000000d5f00000, 0x00000000dc600000, 0x0000000100000000)
  eden space 66560K, 10% used [0x00000000d5f00000,0x00000000d659c2f8,0x00000000da000000)
  from space 5120K, 99% used [0x00000000da000000,0x00000000da4f8c60,0x00000000da500000)
  to   space 16384K, 0% used [0x00000000db600000,0x00000000db600000,0x00000000dc600000)
 ParOldGen       total 66048K, used 23733K [0x0000000081c00000, 0x0000000085c80000, 0x00000000d5f00000)
  object space 66048K, 35% used [0x0000000081c00000,0x000000008332d620,0x0000000085c80000)
 Metaspace       used 34595K, capacity 35058K, committed 35416K, reserved 1081344K
  class space    used 4344K, capacity 4511K, committed 4608K, reserved 1048576K
Event: 2.645 GC heap after
Heap after GC invocations=7 (full 1):
 PSYoungGen      total 89088K, used 7219K [0x00000000d5f00000, 0x00000000de000000, 0x0000000100000000)
  eden space 72704K, 0% used [0x00000000d5f00000,0x00000000d5f00000,0x00000000da600000)
  from space 16384K, 44% used [0x00000000db600000,0x00000000dbd0cc48,0x00000000dc600000)
  to   space 16384K, 0% used [0x00000000da600000,0x00000000da600000,0x00000000db600000)
 ParOldGen       total 66048K, used 23741K [0x0000000081c00000, 0x0000000085c80000, 0x00000000d5f00000)
  object space 66048K, 35% used [0x0000000081c00000,0x000000008332f620,0x0000000085c80000)
 Metaspace       used 34595K, capacity 35058K, committed 35416K, reserved 1081344K
  class space    used 4344K, capacity 4511K, committed 4608K, reserved 1048576K
}
Event: 2.645 GC heap before
{Heap before GC invocations=8 (full 2):
 PSYoungGen      total 89088K, used 7219K [0x00000000d5f00000, 0x00000000de000000, 0x0000000100000000)
  eden space 72704K, 0% used [0x00000000d5f00000,0x00000000d5f00000,0x00000000da600000)
  from space 16384K, 44% used [0x00000000db600000,0x00000000dbd0cc48,0x00000000dc600000)
  to   space 16384K, 0% used [0x00000000da600000,0x00000000da600000,0x00000000db600000)
 ParOldGen       total 66048K, used 23741K [0x0000000081c00000, 0x0000000085c80000, 0x00000000d5f00000)
  object space 66048K, 35% used [0x0000000081c00000,0x000000008332f620,0x0000000085c80000)
 Metaspace       used 34595K, capacity 35058K, committed 35416K, reserved 1081344K
  class space    used 4344K, capacity 4511K, committed 4608K, reserved 1048576K
Event: 2.700 GC heap after
Heap after GC invocations=8 (full 2):
 PSYoungGen      total 89088K, used 0K [0x00000000d5f00000, 0x00000000de000000, 0x0000000100000000)
  eden space 72704K, 0% used [0x00000000d5f00000,0x00000000d5f00000,0x00000000da600000)
  from space 16384K, 0% used [0x00000000db600000,0x00000000db600000,0x00000000dc600000)
  to   space 16384K, 0% used [0x00000000da600000,0x00000000da600000,0x00000000db600000)
 ParOldGen       total 66048K, used 16193K [0x0000000081c00000, 0x0000000085c80000, 0x00000000d5f00000)
  object space 66048K, 24% used [0x0000000081c00000,0x0000000082bd0648,0x0000000085c80000)
 Metaspace       used 34595K, capacity 35058K, committed 35416K, reserved 1081344K
  class space    used 4344K, capacity 4511K, committed 4608K, reserved 1048576K
}

Deoptimization events (10 events):
Event: 3.117 Thread 0x0000000002f22800 Uncommon trap: reason=class_check action=maybe_recompile pc=0x000000000391b5d8 method=org.jetbrains.kotlin.com.intellij.openapi.util.text.StringUtilRt.lastIndexOf(Ljava/lang/CharSequence;CII)I @ 17
Event: 3.117 Thread 0x0000000002f22800 Uncommon trap: reason=class_check action=maybe_recompile pc=0x000000000391b5d8 method=org.jetbrains.kotlin.com.intellij.openapi.util.text.StringUtilRt.lastIndexOf(Ljava/lang/CharSequence;CII)I @ 17
Event: 3.117 Thread 0x0000000002f22800 Uncommon trap: reason=class_check action=maybe_recompile pc=0x000000000391b5d8 method=org.jetbrains.kotlin.com.intellij.openapi.util.text.StringUtilRt.lastIndexOf(Ljava/lang/CharSequence;CII)I @ 17
Event: 3.156 Thread 0x0000000002f22800 Uncommon trap: reason=class_check action=maybe_recompile pc=0x0000000003a01158 method=org.jetbrains.kotlin.load.java.structure.impl.classFiles.BinaryClassSignatureParser.parseParameterizedClassRefSignature(Ljava/text/CharacterIterator;Lorg/jetbrains/kotli
Event: 3.156 Thread 0x0000000002f22800 Uncommon trap: reason=class_check action=maybe_recompile pc=0x0000000003a01158 method=org.jetbrains.kotlin.load.java.structure.impl.classFiles.BinaryClassSignatureParser.parseParameterizedClassRefSignature(Ljava/text/CharacterIterator;Lorg/jetbrains/kotli
Event: 3.156 Thread 0x0000000002f22800 Uncommon trap: reason=class_check action=maybe_recompile pc=0x0000000003a01158 method=org.jetbrains.kotlin.load.java.structure.impl.classFiles.BinaryClassSignatureParser.parseParameterizedClassRefSignature(Ljava/text/CharacterIterator;Lorg/jetbrains/kotli
Event: 3.156 Thread 0x0000000002f22800 Uncommon trap: reason=class_check action=maybe_recompile pc=0x0000000003a01158 method=org.jetbrains.kotlin.load.java.structure.impl.classFiles.BinaryClassSignatureParser.parseParameterizedClassRefSignature(Ljava/text/CharacterIterator;Lorg/jetbrains/kotli
Event: 3.368 Thread 0x0000000002f22800 Uncommon trap: reason=predicate action=maybe_recompile pc=0x0000000003a35b04 method=java.util.regex.Pattern$Start.match(Ljava/util/regex/Matcher;ILjava/lang/CharSequence;)Z @ 37
Event: 3.368 Thread 0x0000000002f22800 Uncommon trap: reason=unstable_if action=reinterpret pc=0x00000000038c6764 method=java.lang.AbstractStringBuilder.append(Ljava/lang/CharSequence;)Ljava/lang/AbstractStringBuilder; @ 29
Event: 3.410 Thread 0x0000000002f22800 Uncommon trap: reason=predicate action=maybe_recompile pc=0x00000000038c0810 method=org.jetbrains.kotlin.com.intellij.util.text.CharArrayUtil.getChars(Ljava/lang/CharSequence;[CIII)V @ 210

Classes redefined (0 events):
No events

Internal exceptions (10 events):
Event: 1.097 Thread 0x0000000002f22800 Exception <a 'java/lang/NoSuchMethodError': java.lang.Object.lambda$static$0()J> (0x00000000d63e6e60) thrown at [C:\src\AOSP-openjdk-git\hotspot\src\share\vm\interpreter\linkResolver.cpp, line 620]
Event: 1.218 Thread 0x0000000002f22800 Exception <a 'java/lang/NoSuchMethodError': java.lang.Object.lambda$static$0(I)[Lorg/jetbrains/kotlin/com/intellij/openapi/editor/event/DocumentListener;> (0x00000000d6b36458) thrown at [C:\src\AOSP-openjdk-git\hotspot\src\share\vm\interpreter\linkResolve
Event: 1.248 Thread 0x0000000002f22800 Exception <a 'java/lang/NoSuchMethodError': java.lang.Object.lambda$static$0(I)[Lorg/jetbrains/kotlin/com/intellij/psi/PsiAnnotation;> (0x00000000d6d54b88) thrown at [C:\src\AOSP-openjdk-git\hotspot\src\share\vm\interpreter\linkResolver.cpp, line 620]
Event: 1.362 Thread 0x0000000002f22800 Exception <a 'java/lang/NoSuchMethodError': java.lang.Object.lambda$static$0(I)[Lorg/jetbrains/kotlin/com/intellij/psi/PsiElement;> (0x00000000d606d518) thrown at [C:\src\AOSP-openjdk-git\hotspot\src\share\vm\interpreter\linkResolver.cpp, line 620]
Event: 2.018 Thread 0x0000000002f22800 Exception <a 'java/lang/ArrayIndexOutOfBoundsException': 126> (0x00000000d7017e40) thrown at [C:\src\AOSP-openjdk-git\hotspot\src\share\vm\interpreter\interpreterRuntime.cpp, line 368]
Event: 2.019 Thread 0x0000000002f22800 Exception <a 'java/lang/ArrayIndexOutOfBoundsException': 86> (0x00000000d70192c8) thrown at [C:\src\AOSP-openjdk-git\hotspot\src\share\vm\interpreter\interpreterRuntime.cpp, line 368]
Event: 2.742 Thread 0x0000000002f22800 Exception <a 'java/lang/NoSuchMethodError': java.lang.Object.lambda$static$0(I)[Lorg/jetbrains/kotlin/psi/KtExpression;> (0x00000000d6066868) thrown at [C:\src\AOSP-openjdk-git\hotspot\src\share\vm\interpreter\linkResolver.cpp, line 620]
Event: 2.849 Thread 0x0000000002f22800 Implicit null exception at 0x0000000003878c2d to 0x000000000387a0a5
Event: 3.311 Thread 0x0000000002f22800 Exception <a 'java/lang/NoSuchMethodError': java.lang.Object.lambda$static$0(I)[Lorg/jetbrains/kotlin/psi/KtTypeElement;> (0x00000000d8489ff0) thrown at [C:\src\AOSP-openjdk-git\hotspot\src\share\vm\interpreter\linkResolver.cpp, line 620]
Event: 3.374 Thread 0x0000000002f22800 Exception <a 'java/lang/NoSuchMethodError': java.lang.Object.lambda$static$0(I)[Lorg/jetbrains/kotlin/com/intellij/psi/PsiClass;> (0x00000000d885f708) thrown at [C:\src\AOSP-openjdk-git\hotspot\src\share\vm\interpreter\linkResolver.cpp, line 620]

Events (10 events):
Event: 3.519 loading class org/jetbrains/kotlin/utils/FunctionsKt$ALWAYS_TRUE$1
Event: 3.519 loading class org/jetbrains/kotlin/utils/FunctionsKt$ALWAYS_TRUE$1 done
Event: 3.519 loading class org/jetbrains/kotlin/utils/FunctionsKt$ALWAYS_NULL$1
Event: 3.519 loading class org/jetbrains/kotlin/utils/FunctionsKt$ALWAYS_NULL$1 done
Event: 3.519 loading class org/jetbrains/kotlin/utils/FunctionsKt$DO_NOTHING$1
Event: 3.519 loading class org/jetbrains/kotlin/utils/FunctionsKt$DO_NOTHING$1 done
Event: 3.519 loading class org/jetbrains/kotlin/utils/FunctionsKt$DO_NOTHING_2$1
Event: 3.519 loading class org/jetbrains/kotlin/utils/FunctionsKt$DO_NOTHING_2$1 done
Event: 3.519 loading class org/jetbrains/kotlin/utils/FunctionsKt$DO_NOTHING_3$1
Event: 3.519 loading class org/jetbrains/kotlin/utils/FunctionsKt$DO_NOTHING_3$1 done


Dynamic libraries:
0x00007ff618120000 - 0x00007ff618151000 	C:\Program Files\Android\Android Studio\jre\jre\bin\java.exe
0x00007ffc9b620000 - 0x00007ffc9b810000 	C:\windows\SYSTEM32\ntdll.dll
0x00007ffc99c00000 - 0x00007ffc99cb2000 	C:\windows\System32\KERNEL32.DLL
0x00007ffc993c0000 - 0x00007ffc99665000 	C:\windows\System32\KERNELBASE.dll
0x00007ffc9a6e0000 - 0x00007ffc9a783000 	C:\windows\System32\ADVAPI32.dll
0x00007ffc99870000 - 0x00007ffc9990e000 	C:\windows\System32\msvcrt.dll
0x00007ffc9a340000 - 0x00007ffc9a3d7000 	C:\windows\System32\sechost.dll
0x00007ffc9add0000 - 0x00007ffc9aef0000 	C:\windows\System32\RPCRT4.dll
0x00007ffc996d0000 - 0x00007ffc99864000 	C:\windows\System32\USER32.dll
0x00007ffc99670000 - 0x00007ffc99691000 	C:\windows\System32\win32u.dll
0x00007ffc9a520000 - 0x00007ffc9a546000 	C:\windows\System32\GDI32.dll
0x00007ffc98860000 - 0x00007ffc989f6000 	C:\windows\System32\gdi32full.dll
0x00007ffc99320000 - 0x00007ffc993be000 	C:\windows\System32\msvcp_win.dll
0x00007ffc99200000 - 0x00007ffc992fa000 	C:\windows\System32\ucrtbase.dll
0x00007ffc87000000 - 0x00007ffc87284000 	C:\windows\WinSxS\amd64_microsoft.windows.common-controls_6595b64144ccf1df_6.0.18362.1139_none_9e7bf2d3e4605ac6\COMCTL32.dll
0x00007ffc9a7f0000 - 0x00007ffc9ab25000 	C:\windows\System32\combase.dll
0x00007ffc99180000 - 0x00007ffc99200000 	C:\windows\System32\bcryptPrimitives.dll
0x00007ffc9a2a0000 - 0x00007ffc9a2ce000 	C:\windows\System32\IMM32.DLL
0x0000000076fc0000 - 0x0000000077092000 	C:\Program Files\Android\Android Studio\jre\jre\bin\msvcr100.dll
0x0000000076670000 - 0x0000000076ebb000 	C:\Program Files\Android\Android Studio\jre\jre\bin\server\jvm.dll
0x00007ffc9a570000 - 0x00007ffc9a578000 	C:\windows\System32\PSAPI.DLL
0x00007ffc94d00000 - 0x00007ffc94d24000 	C:\windows\SYSTEM32\WINMM.dll
0x00007ffc768d0000 - 0x00007ffc768d9000 	C:\windows\SYSTEM32\WSOCK32.dll
0x00007ffc8b0c0000 - 0x00007ffc8b0ca000 	C:\windows\SYSTEM32\VERSION.dll
0x00007ffc9ab30000 - 0x00007ffc9ab9f000 	C:\windows\System32\WS2_32.dll
0x00007ffc94cd0000 - 0x00007ffc94cfd000 	C:\windows\SYSTEM32\WINMMBASE.dll
0x00007ffc985b0000 - 0x00007ffc985fa000 	C:\windows\System32\cfgmgr32.dll
0x00007ffc76880000 - 0x00007ffc7688f000 	C:\Program Files\Android\Android Studio\jre\jre\bin\verify.dll
0x00007ffc6b3d0000 - 0x00007ffc6b3f9000 	C:\Program Files\Android\Android Studio\jre\jre\bin\java.dll
0x00007ffc75eb0000 - 0x00007ffc75ec6000 	C:\Program Files\Android\Android Studio\jre\jre\bin\zip.dll
0x00007ffc9aef0000 - 0x00007ffc9b5d7000 	C:\windows\System32\SHELL32.dll
0x00007ffc99cc0000 - 0x00007ffc99d69000 	C:\windows\System32\shcore.dll
0x00007ffc98a00000 - 0x00007ffc99180000 	C:\windows\System32\windows.storage.dll
0x00007ffc98560000 - 0x00007ffc98583000 	C:\windows\System32\profapi.dll
0x00007ffc984f0000 - 0x00007ffc9853a000 	C:\windows\System32\powrprof.dll
0x00007ffc984e0000 - 0x00007ffc984f0000 	C:\windows\System32\UMPDC.dll
0x00007ffc9aba0000 - 0x00007ffc9abf2000 	C:\windows\System32\shlwapi.dll
0x00007ffc98540000 - 0x00007ffc98551000 	C:\windows\System32\kernel.appcore.dll
0x00007ffc99300000 - 0x00007ffc99317000 	C:\windows\System32\cryptsp.dll
0x00007ffc75d80000 - 0x00007ffc75d9a000 	C:\Program Files\Android\Android Studio\jre\jre\bin\net.dll
0x00007ffc97d30000 - 0x00007ffc97d97000 	C:\windows\system32\mswsock.dll
0x00007ffc6b350000 - 0x00007ffc6b363000 	C:\Program Files\Android\Android Studio\jre\jre\bin\nio.dll

VM Arguments:
java_command: org.jetbrains.kotlin.cli.jvm.K2JVMCompiler @G:\AndroDev\RW-RedditClone\starter\app\build\20201109_9040017742218950475.compiler.options
java_class_path (initial): C:\Users\User\.gradle\caches\modules-2\files-2.1\org.jetbrains.kotlin\kotlin-compiler-embeddable\1.4.10\38c4b99d5d5362debdd9302a866730379aa2328a\kotlin-compiler-embeddable-1.4.10.jar;C:\Users\User\.gradle\caches\modules-2\files-2.1\org.jetbrains.kotlin\kotlin-reflect\1.4.10\e2b3c6695eee6085e606d96d685396dce23a3a06\kotlin-reflect-1.4.10.jar;C:\Users\User\.gradle\caches\modules-2\files-2.1\org.jetbrains.kotlin\kotlin-stdlib\1.4.10\ea29e063d2bbe695be13e9d044dcfb0c7add398e\kotlin-stdlib-1.4.10.jar;C:\Users\User\.gradle\caches\modules-2\files-2.1\org.jetbrains.kotlin\kotlin-script-runtime\1.4.10\7c19d9c2001e016cd7664cebe9eea66fc04a7f4f\kotlin-script-runtime-1.4.10.jar;C:\Users\User\.gradle\caches\modules-2\files-2.1\org.jetbrains.kotlin\kotlin-daemon-embeddable\1.4.10\dbd67f42bed28043d17d7c860b06110a00a45970\kotlin-daemon-embeddable-1.4.10.jar;C:\Users\User\.gradle\caches\modules-2\files-2.1\org.jetbrains.intellij.deps\trove4j\1.0.20181211\216c2e14b070f334479d800987affe4054cd563f\trove4j-1.0.20181211.jar;C:\Users\User\.gradle\caches\modules-2\files-2.1\org.jetbrains.kotlin\kotlin-stdlib-common\1.4.10\6229be3465805c99db1142ad75e6c6ddeac0b04c\kotlin-stdlib-common-1.4.10.jar;C:\Users\User\.gradle\caches\modules-2\files-2.1\org.jetbrains\annotations\13.0\919f0dfe192fb4e063e7dacadee7f8bb9a2672a9\annotations-13.0.jar;C:\Program Files\Android\Android Studio\jre\lib\tools.jar
Launcher Type: SUN_STANDARD

Environment Variables:
PATH=C:\Program Files (x86)\Common Files\Oracle\Java\javapath;C:\ProgramData\Oracle\Java\javapath;C:\Program Files (x86)\Common Files\Intel\Shared Libraries\redist\intel64\compiler;C:\Program Files (x86)\Intel\iCLS Client\;C:\Program Files\Intel\iCLS Client\;C:\windows\system32;C:\windows;C:\windows\System32\Wbem;C:\windows\System32\WindowsPowerShell\v1.0\;C:\Program Files (x86)\Intel\Intel(R) Management Engine Components\DAL;C:\Program Files\Intel\Intel(R) Management Engine Components\DAL;C:\Program Files (x86)\Intel\Intel(R) Management Engine Components\IPT;C:\Program Files\Intel\Intel(R) Management Engine Components\IPT;C:\Program Files (x86)\NVIDIA Corporation\PhysX\Common;C:\WINDOWS\system32;C:\WINDOWS;C:\WINDOWS\System32\Wbem;C:\WINDOWS\System32\WindowsPowerShell\v1.0\;C:\WINDOWS\System32\OpenSSH\;C:\Program Files\NVIDIA Corporation\NVIDIA NvDLISR;G:\Git\cmd;C:\MinGW\bin;C:\Program Files\nodejs\;C:\windows\system32;C:\windows;C:\windows\System32\Wbem;C:\windows\System32\WindowsPowerShell\v1.0\;C:\windows\System32\OpenSSH\;C:\Users\User\AppData\Local\Programs\Python\Python38-32\Scripts\;C:\Program Files (x86)\Common Files\Acronis\VirtualFile\;C:\Program Files (x86)\Common Files\Acronis\VirtualFile64\;C:\Program Files (x86)\Common Files\Acronis\FileProtector\;C:\Program Files (x86)\Common Files\Acronis\FileProtector64\;C:\Program Files (x86)\Common Files\Acronis\SnapAPI\;C:\Users\User\AppData\Local\Programs\Python\Python38-32\Scripts\;C:\Users\User\AppData\Local\Programs\Python\Python38-32\;G:\загрузки\mingw64tdm\bin;G:\Microsoft VS Code\bin;C:\Users\User\AppData\Local\Microsoft\WindowsApps;C:\Program Files\JetBrains\DataGrip 2019.2.3\bin;;C:\Users\User\AppData\Roaming\npm;C:\Users\User\Documents\R\win-library\3.6\BH\include\boost\python;C:\Program Files\JetBrains\WebStorm 2019.3.4\bin;;C:\Program Files\JetBrains\IntelliJ IDEA Community Edition 2020.1.2\bin;;C:\Program Files\Java\jdk-14.0.2\bin;C:\Users\User\AppData\Local\GitHubDesktop\bin;E:\cybersec\Nmap
USERNAME=User
OS=Windows_NT
PROCESSOR_IDENTIFIER=Intel64 Family 6 Model 158 Stepping 9, GenuineIntel



---------------  S Y S T E M  ---------------

OS: Windows 10.0 , 64 bit Build 18362 (10.0.18362.1110)

CPU:total 4 (initial active 4) (4 cores per cpu, 1 threads per core) family 6 model 158 stepping 9, cmov, cx8, fxsr, mmx, sse, sse2, sse3, ssse3, sse4.1, sse4.2, popcnt, avx, avx2, aes, clmul, erms, 3dnowpref, lzcnt, tsc, tscinvbit, bmi1, bmi2, adx

Memory: 4k page, physical 8271076k(735272k free), swap 18511076k(5160k free)

vm_info: OpenJDK 64-Bit Server VM (25.242-b01) for windows-amd64 JRE (1.8.0_242-release-1644-b01), built by "builder" with MS VC++ 10.0 (VS2010)

time: Mon Nov 09 22:49:12 2020
timezone: Центральная Азия (зима)
elapsed time: 3 seconds (0d 0h 0m 3s)

