#
# There is insufficient memory for the Java Runtime Environment to continue.
# Native memory allocation (malloc) failed to allocate 131088 bytes for Chunk::new
# Possible reasons:
#   The system is out of physical RAM or swap space
#   The process is running with CompressedOops enabled, and the Java Heap may be blocking the growth of the native heap
# Possible solutions:
#   Reduce memory load on the system
#   Increase physical memory or swap space
#   Check if swap backing store is full
#   Decrease Java heap size (-Xmx/-Xms)
#   Decrease number of Java threads
#   Decrease Java thread stack sizes (-Xss)
#   Set larger code cache with -XX:ReservedCodeCacheSize=
#   JVM is running with Unscaled Compressed Oops mode in which the Java heap is
#     placed in the first 4GB address space. The Java Heap base address is the
#     maximum limit for the native heap growth. Please use -XX:HeapBaseMinAddress
#     to set the Java Heap base and to place the Java Heap above 4GB virtual address.
# This output file may be truncated or incomplete.
#
#  Out of Memory Error (allocation.cpp:389), pid=15500, tid=0x00000000000043ec
#
# JRE version: OpenJDK Runtime Environment (8.0_242-b01) (build 1.8.0_242-release-1644-b01)
# Java VM: OpenJDK 64-Bit Server VM (25.242-b01 mixed mode windows-amd64 compressed oops)
# Failed to write core dump. Minidumps are not enabled by default on client versions of Windows
#

---------------  T H R E A D  ---------------

Current thread (0x000000001791d000):  JavaThread "C2 CompilerThread1" daemon [_thread_in_native, id=17388, stack(0x0000000019070000,0x0000000019170000)]

Stack: [0x0000000019070000,0x0000000019170000]
[error occurred during error reporting (printing stack bounds), id 0xc0000005]

Native frames: (J=compiled Java code, j=interpreted, Vv=VM code, C=native code)


Current CompileTask:
C2:   3461 3525       4       org.jetbrains.org.objectweb.asm.ClassReader::readElementValue (1237 bytes)


---------------  P R O C E S S  ---------------

Java Threads: ( => current thread )
  0x00000000192a8800 JavaThread "Service Thread" daemon [_thread_blocked, id=12552, stack(0x0000000019670000,0x0000000019770000)]
  0x0000000017924000 JavaThread "C1 CompilerThread2" daemon [_thread_in_native, id=1380, stack(0x0000000019170000,0x0000000019270000)]
=>0x000000001791d000 JavaThread "C2 CompilerThread1" daemon [_thread_in_native, id=17388, stack(0x0000000019070000,0x0000000019170000)]
  0x0000000017916000 JavaThread "C2 CompilerThread0" daemon [_thread_in_native, id=5228, stack(0x0000000018f70000,0x0000000019070000)]
  0x0000000017914000 JavaThread "Attach Listener" daemon [_thread_blocked, id=18636, stack(0x0000000018e70000,0x0000000018f70000)]
  0x000000001791a800 JavaThread "Signal Dispatcher" daemon [_thread_blocked, id=612, stack(0x0000000018d70000,0x0000000018e70000)]
  0x0000000002dde000 JavaThread "Finalizer" daemon [_thread_blocked, id=10216, stack(0x0000000018b60000,0x0000000018c60000)]
  0x0000000002dd3800 JavaThread "Reference Handler" daemon [_thread_blocked, id=2500, stack(0x0000000018a60000,0x0000000018b60000)]
  0x0000000002ce2800 JavaThread "main" [_thread_in_vm, id=6080, stack(0x0000000002be0000,0x0000000002ce0000)]

Other Threads:
  0x00000000178d7800 VMThread [stack: 0x0000000018960000,0x0000000018a60000] [id=19408]
  0x000000001796a800 WatcherThread [stack: 0x0000000019770000,0x0000000019870000] [id=12248]

VM state:not at safepoint (normal execution)

VM Mutex/Monitor currently owned by a thread: None

heap address: 0x0000000081c00000, size: 2020 MB, Compressed Oops mode: 32-bit
Narrow klass base: 0x0000000000000000, Narrow klass shift: 3
Compressed class space size: 1073741824 Address: 0x0000000100000000

Heap:
 PSYoungGen      total 54272K, used 16486K [0x00000000d5f00000, 0x00000000daa00000, 0x0000000100000000)
  eden space 49152K, 33% used [0x00000000d5f00000,0x00000000d6f19a60,0x00000000d8f00000)
  from space 5120K, 0% used [0x00000000da000000,0x00000000da000000,0x00000000da500000)
  to   space 5120K, 0% used [0x00000000da500000,0x00000000da500000,0x00000000daa00000)
 ParOldGen       total 66560K, used 25512K [0x0000000081c00000, 0x0000000085d00000, 0x00000000d5f00000)
  object space 66560K, 38% used [0x0000000081c00000,0x00000000834ea020,0x0000000085d00000)
 Metaspace       used 41181K, capacity 41780K, committed 42200K, reserved 1087488K
  class space    used 5124K, capacity 5296K, committed 5376K, reserved 1048576K

Card table byte_map: [0x00000000121a0000,0x00000000125a0000] byte_map_base: 0x0000000011d92000

Marking Bits: (ParMarkBitMap*) 0x0000000076e3f030
 Begin Bits: [0x0000000012c50000, 0x0000000014be0000)
 End Bits:   [0x0000000014be0000, 0x0000000016b70000)

Polling page: 0x0000000002b30000

CodeCache: size=245760Kb used=11555Kb max_used=11555Kb free=234204Kb
 bounds [0x0000000002de0000, 0x0000000003940000, 0x0000000011de0000]
 total_blobs=4013 nmethods=3545 adapters=380
 compilation: enabled

Compilation events (10 events):
Event: 3.459 Thread 0x0000000017924000 nmethod 3553 0x000000000392d790 code [0x000000000392d920, 0x000000000392ddd0]
Event: 3.459 Thread 0x0000000017924000 3554       3       org.jetbrains.kotlin.metadata.ProtoBuf$Annotation$Builder::access$4200 (4 bytes)
Event: 3.459 Thread 0x0000000017924000 nmethod 3554 0x000000000392e050 code [0x000000000392e1e0, 0x000000000392e630]
Event: 3.459 Thread 0x0000000017924000 3555       3       org.jetbrains.kotlin.metadata.ProtoBuf$Annotation$Builder::create (8 bytes)
Event: 3.460 Thread 0x0000000017924000 nmethod 3555 0x000000000392e850 code [0x000000000392e9e0, 0x000000000392edd0]
Event: 3.460 Thread 0x0000000017924000 3556       3       org.jetbrains.kotlin.metadata.ProtoBuf$Annotation$Builder::<init> (16 bytes)
Event: 3.460 Thread 0x0000000017924000 nmethod 3556 0x000000000392ef90 code [0x000000000392f120, 0x000000000392f490]
Event: 3.460 Thread 0x0000000017924000 3557       3       org.jetbrains.kotlin.metadata.ProtoBuf$Annotation$Builder::maybeForceBuilderInitialization (1 bytes)
Event: 3.460 Thread 0x0000000017924000 nmethod 3557 0x000000000392f610 code [0x000000000392f760, 0x000000000392f8b0]
Event: 3.460 Thread 0x0000000017924000 3558       3       org.jetbrains.kotlin.metadata.ProtoBuf$Annotation$Builder::mergeFrom (7 bytes)

GC Heap History (10 events):
Event: 2.376 GC heap before
{Heap before GC invocations=6 (full 1):
 PSYoungGen      total 54272K, used 54249K [0x00000000d5f00000, 0x00000000daa00000, 0x0000000100000000)
  eden space 49152K, 100% used [0x00000000d5f00000,0x00000000d8f00000,0x00000000d8f00000)
  from space 5120K, 99% used [0x00000000da500000,0x00000000da9fa5d8,0x00000000daa00000)
  to   space 5120K, 0% used [0x00000000da000000,0x00000000da000000,0x00000000da500000)
 ParOldGen       total 66560K, used 11476K [0x0000000081c00000, 0x0000000085d00000, 0x00000000d5f00000)
  object space 66560K, 17% used [0x0000000081c00000,0x0000000082735328,0x0000000085d00000)
 Metaspace       used 32409K, capacity 32929K, committed 33280K, reserved 1079296K
  class space    used 4073K, capacity 4251K, committed 4352K, reserved 1048576K
Event: 2.394 GC heap after
Heap after GC invocations=6 (full 1):
 PSYoungGen      total 54272K, used 5091K [0x00000000d5f00000, 0x00000000daa00000, 0x0000000100000000)
  eden space 49152K, 0% used [0x00000000d5f00000,0x00000000d5f00000,0x00000000d8f00000)
  from space 5120K, 99% used [0x00000000da000000,0x00000000da4f8c60,0x00000000da500000)
  to   space 5120K, 0% used [0x00000000da500000,0x00000000da500000,0x00000000daa00000)
 ParOldGen       total 66560K, used 22948K [0x0000000081c00000, 0x0000000085d00000, 0x00000000d5f00000)
  object space 66560K, 34% used [0x0000000081c00000,0x0000000083269168,0x0000000085d00000)
 Metaspace       used 32409K, capacity 32929K, committed 33280K, reserved 1079296K
  class space    used 4073K, capacity 4251K, committed 4352K, reserved 1048576K
}
Event: 2.542 GC heap before
{Heap before GC invocations=7 (full 1):
 PSYoungGen      total 54272K, used 14964K [0x00000000d5f00000, 0x00000000daa00000, 0x0000000100000000)
  eden space 49152K, 20% used [0x00000000d5f00000,0x00000000d68a4718,0x00000000d8f00000)
  from space 5120K, 99% used [0x00000000da000000,0x00000000da4f8c60,0x00000000da500000)
  to   space 5120K, 0% used [0x00000000da500000,0x00000000da500000,0x00000000daa00000)
 ParOldGen       total 66560K, used 22948K [0x0000000081c00000, 0x0000000085d00000, 0x00000000d5f00000)
  object space 66560K, 34% used [0x0000000081c00000,0x0000000083269168,0x0000000085d00000)
 Metaspace       used 34589K, capacity 35026K, committed 35416K, reserved 1081344K
  class space    used 4343K, capacity 4479K, committed 4480K, reserved 1048576K
Event: 2.549 GC heap after
Heap after GC invocations=7 (full 1):
 PSYoungGen      total 54272K, used 5100K [0x00000000d5f00000, 0x00000000daa00000, 0x0000000100000000)
  eden space 49152K, 0% used [0x00000000d5f00000,0x00000000d5f00000,0x00000000d8f00000)
  from space 5120K, 99% used [0x00000000da500000,0x00000000da9fb120,0x00000000daa00000)
  to   space 5120K, 0% used [0x00000000da000000,0x00000000da000000,0x00000000da500000)
 ParOldGen       total 66560K, used 25892K [0x0000000081c00000, 0x0000000085d00000, 0x00000000d5f00000)
  object space 66560K, 38% used [0x0000000081c00000,0x0000000083549058,0x0000000085d00000)
 Metaspace       used 34589K, capacity 35026K, committed 35416K, reserved 1081344K
  class space    used 4343K, capacity 4479K, committed 4480K, reserved 1048576K
}
Event: 2.549 GC heap before
{Heap before GC invocations=8 (full 2):
 PSYoungGen      total 54272K, used 5100K [0x00000000d5f00000, 0x00000000daa00000, 0x0000000100000000)
  eden space 49152K, 0% used [0x00000000d5f00000,0x00000000d5f00000,0x00000000d8f00000)
  from space 5120K, 99% used [0x00000000da500000,0x00000000da9fb120,0x00000000daa00000)
  to   space 5120K, 0% used [0x00000000da000000,0x00000000da000000,0x00000000da500000)
 ParOldGen       total 66560K, used 25892K [0x0000000081c00000, 0x0000000085d00000, 0x00000000d5f00000)
  object space 66560K, 38% used [0x0000000081c00000,0x0000000083549058,0x0000000085d00000)
 Metaspace       used 34589K, capacity 35026K, committed 35416K, reserved 1081344K
  class space    used 4343K, capacity 4479K, committed 4480K, reserved 1048576K
Event: 2.604 GC heap after
Heap after GC invocations=8 (full 2):
 PSYoungGen      total 54272K, used 0K [0x00000000d5f00000, 0x00000000daa00000, 0x0000000100000000)
  eden space 49152K, 0% used [0x00000000d5f00000,0x00000000d5f00000,0x00000000d8f00000)
  from space 5120K, 0% used [0x00000000da500000,0x00000000da500000,0x00000000daa00000)
  to   space 5120K, 0% used [0x00000000da000000,0x00000000da000000,0x00000000da500000)
 ParOldGen       total 66560K, used 16860K [0x0000000081c00000, 0x0000000085d00000, 0x00000000d5f00000)
  object space 66560K, 25% used [0x0000000081c00000,0x0000000082c77158,0x0000000085d00000)
 Metaspace       used 34589K, capacity 35026K, committed 35416K, reserved 1081344K
  class space    used 4343K, capacity 4479K, committed 4480K, reserved 1048576K
}
Event: 3.182 GC heap before
{Heap before GC invocations=9 (full 2):
 PSYoungGen      total 54272K, used 44377K [0x00000000d5f00000, 0x00000000daa00000, 0x0000000100000000)
  eden space 49152K, 90% used [0x00000000d5f00000,0x00000000d8a56510,0x00000000d8f00000)
  from space 5120K, 0% used [0x00000000da500000,0x00000000da500000,0x00000000daa00000)
  to   space 5120K, 0% used [0x00000000da000000,0x00000000da000000,0x00000000da500000)
 ParOldGen       total 66560K, used 16860K [0x0000000081c00000, 0x0000000085d00000, 0x00000000d5f00000)
  object space 66560K, 25% used [0x0000000081c00000,0x0000000082c77158,0x0000000085d00000)
 Metaspace       used 39582K, capacity 40152K, committed 40408K, reserved 1089536K
  class space    used 4943K, capacity 5096K, committed 5120K, reserved 1048576K
Event: 3.189 GC heap after
Heap after GC invocations=9 (full 2):
 PSYoungGen      total 54272K, used 5109K [0x00000000d5f00000, 0x00000000daa00000, 0x0000000100000000)
  eden space 49152K, 0% used [0x00000000d5f00000,0x00000000d5f00000,0x00000000d8f00000)
  from space 5120K, 99% used [0x00000000da000000,0x00000000da4fd660,0x00000000da500000)
  to   space 5120K, 0% used [0x00000000da500000,0x00000000da500000,0x00000000daa00000)
 ParOldGen       total 66560K, used 22817K [0x0000000081c00000, 0x0000000085d00000, 0x00000000d5f00000)
  object space 66560K, 34% used [0x0000000081c00000,0x0000000083248650,0x0000000085d00000)
 Metaspace       used 39582K, capacity 40152K, committed 40408K, reserved 1089536K
  class space    used 4943K, capacity 5096K, committed 5120K, reserved 1048576K
}
Event: 3.189 GC heap before
{Heap before GC invocations=10 (full 3):
 PSYoungGen      total 54272K, used 5109K [0x00000000d5f00000, 0x00000000daa00000, 0x0000000100000000)
  eden space 49152K, 0% used [0x00000000d5f00000,0x00000000d5f00000,0x00000000d8f00000)
  from space 5120K, 99% used [0x00000000da000000,0x00000000da4fd660,0x00000000da500000)
  to   space 5120K, 0% used [0x00000000da500000,0x00000000da500000,0x00000000daa00000)
 ParOldGen       total 66560K, used 22817K [0x0000000081c00000, 0x0000000085d00000, 0x00000000d5f00000)
  object space 66560K, 34% used [0x0000000081c00000,0x0000000083248650,0x0000000085d00000)
 Metaspace       used 39582K, capacity 40152K, committed 40408K, reserved 1089536K
  class space    used 4943K, capacity 5096K, committed 5120K, reserved 1048576K
Event: 3.301 GC heap after
Heap after GC invocations=10 (full 3):
 PSYoungGen      total 54272K, used 0K [0x00000000d5f00000, 0x00000000daa00000, 0x0000000100000000)
  eden space 49152K, 0% used [0x00000000d5f00000,0x00000000d5f00000,0x00000000d8f00000)
  from space 5120K, 0% used [0x00000000da000000,0x00000000da000000,0x00000000da500000)
  to   space 5120K, 0% used [0x00000000da500000,0x00000000da500000,0x00000000daa00000)
 ParOldGen       total 66560K, used 25512K [0x0000000081c00000, 0x0000000085d00000, 0x00000000d5f00000)
  object space 66560K, 38% used [0x0000000081c00000,0x00000000834ea020,0x0000000085d00000)
 Metaspace       used 39582K, capacity 40152K, committed 40408K, reserved 1087488K
  class space    used 4943K, capacity 5096K, committed 5120K, reserved 1048576K
}

Deoptimization events (10 events):
Event: 2.954 Thread 0x0000000002ce2800 Uncommon trap: reason=class_check action=maybe_recompile pc=0x00000000036b5218 method=org.jetbrains.kotlin.com.intellij.openapi.util.text.StringUtilRt.lastIndexOf(Ljava/lang/CharSequence;CII)I @ 17
Event: 2.954 Thread 0x0000000002ce2800 Uncommon trap: reason=class_check action=maybe_recompile pc=0x00000000036b5218 method=org.jetbrains.kotlin.com.intellij.openapi.util.text.StringUtilRt.lastIndexOf(Ljava/lang/CharSequence;CII)I @ 17
Event: 3.062 Thread 0x0000000002ce2800 Uncommon trap: reason=unstable_if action=reinterpret pc=0x000000000382701c method=org.jetbrains.kotlin.metadata.ProtoBuf$Type.getSerializedSize()I @ 328
Event: 3.075 Thread 0x0000000002ce2800 Uncommon trap: reason=class_check action=maybe_recompile pc=0x00000000037bc298 method=org.jetbrains.kotlin.load.java.structure.impl.classFiles.BinaryClassSignatureParser.parseParameterizedClassRefSignature(Ljava/text/CharacterIterator;Lorg/jetbrains/kotli
Event: 3.077 Thread 0x0000000002ce2800 Uncommon trap: reason=class_check action=maybe_recompile pc=0x00000000037bc298 method=org.jetbrains.kotlin.load.java.structure.impl.classFiles.BinaryClassSignatureParser.parseParameterizedClassRefSignature(Ljava/text/CharacterIterator;Lorg/jetbrains/kotli
Event: 3.077 Thread 0x0000000002ce2800 Uncommon trap: reason=class_check action=maybe_recompile pc=0x00000000037bc298 method=org.jetbrains.kotlin.load.java.structure.impl.classFiles.BinaryClassSignatureParser.parseParameterizedClassRefSignature(Ljava/text/CharacterIterator;Lorg/jetbrains/kotli
Event: 3.077 Thread 0x0000000002ce2800 Uncommon trap: reason=class_check action=maybe_recompile pc=0x00000000037bc298 method=org.jetbrains.kotlin.load.java.structure.impl.classFiles.BinaryClassSignatureParser.parseParameterizedClassRefSignature(Ljava/text/CharacterIterator;Lorg/jetbrains/kotli
Event: 3.156 Thread 0x0000000002ce2800 Uncommon trap: reason=predicate action=maybe_recompile pc=0x0000000003852ac4 method=java.util.regex.Pattern$Start.match(Ljava/util/regex/Matcher;ILjava/lang/CharSequence;)Z @ 37
Event: 3.156 Thread 0x0000000002ce2800 Uncommon trap: reason=unstable_if action=reinterpret pc=0x000000000351bf60 method=java.lang.AbstractStringBuilder.append(Ljava/lang/CharSequence;)Ljava/lang/AbstractStringBuilder; @ 29
Event: 3.315 Thread 0x0000000002ce2800 Uncommon trap: reason=predicate action=maybe_recompile pc=0x0000000003651e10 method=org.jetbrains.kotlin.com.intellij.util.text.CharArrayUtil.getChars(Ljava/lang/CharSequence;[CIII)V @ 210

Classes redefined (0 events):
No events

Internal exceptions (10 events):
Event: 1.075 Thread 0x0000000002ce2800 Exception <a 'java/lang/NoSuchMethodError': java.lang.Object.lambda$comparing$77a9974f$1(Ljava/util/function/Function;Ljava/lang/Object;Ljava/lang/Object;)I> (0x00000000d62e1f88) thrown at [C:\src\AOSP-openjdk-git\hotspot\src\share\vm\interpreter\linkReso
Event: 1.089 Thread 0x0000000002ce2800 Exception <a 'java/lang/NoSuchMethodError': java.lang.Object.lambda$static$0()J> (0x00000000d63e5a30) thrown at [C:\src\AOSP-openjdk-git\hotspot\src\share\vm\interpreter\linkResolver.cpp, line 620]
Event: 1.200 Thread 0x0000000002ce2800 Exception <a 'java/lang/NoSuchMethodError': java.lang.Object.lambda$static$0(I)[Lorg/jetbrains/kotlin/com/intellij/openapi/editor/event/DocumentListener;> (0x00000000d6b35948) thrown at [C:\src\AOSP-openjdk-git\hotspot\src\share\vm\interpreter\linkResolve
Event: 1.226 Thread 0x0000000002ce2800 Exception <a 'java/lang/NoSuchMethodError': java.lang.Object.lambda$static$0(I)[Lorg/jetbrains/kotlin/com/intellij/psi/PsiAnnotation;> (0x00000000d6d55008) thrown at [C:\src\AOSP-openjdk-git\hotspot\src\share\vm\interpreter\linkResolver.cpp, line 620]
Event: 1.338 Thread 0x0000000002ce2800 Exception <a 'java/lang/NoSuchMethodError': java.lang.Object.lambda$static$0(I)[Lorg/jetbrains/kotlin/com/intellij/psi/PsiElement;> (0x00000000d606c638) thrown at [C:\src\AOSP-openjdk-git\hotspot\src\share\vm\interpreter\linkResolver.cpp, line 620]
Event: 1.999 Thread 0x0000000002ce2800 Exception <a 'java/lang/ArrayIndexOutOfBoundsException': 126> (0x00000000d7195380) thrown at [C:\src\AOSP-openjdk-git\hotspot\src\share\vm\interpreter\interpreterRuntime.cpp, line 368]
Event: 1.999 Thread 0x0000000002ce2800 Exception <a 'java/lang/ArrayIndexOutOfBoundsException': 86> (0x00000000d7196808) thrown at [C:\src\AOSP-openjdk-git\hotspot\src\share\vm\interpreter\interpreterRuntime.cpp, line 368]
Event: 2.645 Thread 0x0000000002ce2800 Exception <a 'java/lang/NoSuchMethodError': java.lang.Object.lambda$static$0(I)[Lorg/jetbrains/kotlin/psi/KtExpression;> (0x00000000d60a20e8) thrown at [C:\src\AOSP-openjdk-git\hotspot\src\share\vm\interpreter\linkResolver.cpp, line 620]
Event: 3.100 Thread 0x0000000002ce2800 Exception <a 'java/lang/NoSuchMethodError': java.lang.Object.lambda$static$0(I)[Lorg/jetbrains/kotlin/psi/KtTypeElement;> (0x00000000d842f8b8) thrown at [C:\src\AOSP-openjdk-git\hotspot\src\share\vm\interpreter\linkResolver.cpp, line 620]
Event: 3.161 Thread 0x0000000002ce2800 Exception <a 'java/lang/NoSuchMethodError': java.lang.Object.lambda$static$0(I)[Lorg/jetbrains/kotlin/com/intellij/psi/PsiClass;> (0x00000000d8807ae8) thrown at [C:\src\AOSP-openjdk-git\hotspot\src\share\vm\interpreter\linkResolver.cpp, line 620]

Events (10 events):
Event: 3.421 loading class org/jetbrains/kotlin/utils/FunctionsKt$ALWAYS_TRUE$1
Event: 3.421 loading class org/jetbrains/kotlin/utils/FunctionsKt$ALWAYS_TRUE$1 done
Event: 3.421 loading class org/jetbrains/kotlin/utils/FunctionsKt$ALWAYS_NULL$1
Event: 3.421 loading class org/jetbrains/kotlin/utils/FunctionsKt$ALWAYS_NULL$1 done
Event: 3.421 loading class org/jetbrains/kotlin/utils/FunctionsKt$DO_NOTHING$1
Event: 3.421 loading class org/jetbrains/kotlin/utils/FunctionsKt$DO_NOTHING$1 done
Event: 3.421 loading class org/jetbrains/kotlin/utils/FunctionsKt$DO_NOTHING_2$1
Event: 3.421 loading class org/jetbrains/kotlin/utils/FunctionsKt$DO_NOTHING_2$1 done
Event: 3.421 loading class org/jetbrains/kotlin/utils/FunctionsKt$DO_NOTHING_3$1
Event: 3.421 loading class org/jetbrains/kotlin/utils/FunctionsKt$DO_NOTHING_3$1 done


Dynamic libraries:
0x00007ff618120000 - 0x00007ff618151000 	C:\Program Files\Android\Android Studio\jre\jre\bin\java.exe
0x00007ffc9b620000 - 0x00007ffc9b810000 	C:\windows\SYSTEM32\ntdll.dll
0x00007ffc99c00000 - 0x00007ffc99cb2000 	C:\windows\System32\KERNEL32.DLL
0x00007ffc993c0000 - 0x00007ffc99665000 	C:\windows\System32\KERNELBASE.dll
0x00007ffc9a6e0000 - 0x00007ffc9a783000 	C:\windows\System32\ADVAPI32.dll
0x00007ffc99870000 - 0x00007ffc9990e000 	C:\windows\System32\msvcrt.dll
0x00007ffc9a340000 - 0x00007ffc9a3d7000 	C:\windows\System32\sechost.dll
0x00007ffc9add0000 - 0x00007ffc9aef0000 	C:\windows\System32\RPCRT4.dll
0x00007ffc996d0000 - 0x00007ffc99864000 	C:\windows\System32\USER32.dll
0x00007ffc99670000 - 0x00007ffc99691000 	C:\windows\System32\win32u.dll
0x00007ffc9a520000 - 0x00007ffc9a546000 	C:\windows\System32\GDI32.dll
0x00007ffc98860000 - 0x00007ffc989f6000 	C:\windows\System32\gdi32full.dll
0x00007ffc99320000 - 0x00007ffc993be000 	C:\windows\System32\msvcp_win.dll
0x00007ffc99200000 - 0x00007ffc992fa000 	C:\windows\System32\ucrtbase.dll
0x00007ffc87000000 - 0x00007ffc87284000 	C:\windows\WinSxS\amd64_microsoft.windows.common-controls_6595b64144ccf1df_6.0.18362.1139_none_9e7bf2d3e4605ac6\COMCTL32.dll
0x00007ffc9a7f0000 - 0x00007ffc9ab25000 	C:\windows\System32\combase.dll
0x00007ffc99180000 - 0x00007ffc99200000 	C:\windows\System32\bcryptPrimitives.dll
0x00007ffc9a2a0000 - 0x00007ffc9a2ce000 	C:\windows\System32\IMM32.DLL
0x0000000076fc0000 - 0x0000000077092000 	C:\Program Files\Android\Android Studio\jre\jre\bin\msvcr100.dll
0x0000000076670000 - 0x0000000076ebb000 	C:\Program Files\Android\Android Studio\jre\jre\bin\server\jvm.dll
0x00007ffc9a570000 - 0x00007ffc9a578000 	C:\windows\System32\PSAPI.DLL
0x00007ffc94d00000 - 0x00007ffc94d24000 	C:\windows\SYSTEM32\WINMM.dll
0x00007ffc8b0c0000 - 0x00007ffc8b0ca000 	C:\windows\SYSTEM32\VERSION.dll
0x00007ffc768d0000 - 0x00007ffc768d9000 	C:\windows\SYSTEM32\WSOCK32.dll
0x00007ffc9ab30000 - 0x00007ffc9ab9f000 	C:\windows\System32\WS2_32.dll
0x00007ffc94cd0000 - 0x00007ffc94cfd000 	C:\windows\SYSTEM32\winmmbase.dll
0x00007ffc985b0000 - 0x00007ffc985fa000 	C:\windows\System32\cfgmgr32.dll
0x00007ffc76880000 - 0x00007ffc7688f000 	C:\Program Files\Android\Android Studio\jre\jre\bin\verify.dll
0x00007ffc6b3d0000 - 0x00007ffc6b3f9000 	C:\Program Files\Android\Android Studio\jre\jre\bin\java.dll
0x00007ffc75eb0000 - 0x00007ffc75ec6000 	C:\Program Files\Android\Android Studio\jre\jre\bin\zip.dll
0x00007ffc9aef0000 - 0x00007ffc9b5d7000 	C:\windows\System32\SHELL32.dll
0x00007ffc99cc0000 - 0x00007ffc99d69000 	C:\windows\System32\shcore.dll
0x00007ffc98a00000 - 0x00007ffc99180000 	C:\windows\System32\windows.storage.dll
0x00007ffc98560000 - 0x00007ffc98583000 	C:\windows\System32\profapi.dll
0x00007ffc984f0000 - 0x00007ffc9853a000 	C:\windows\System32\powrprof.dll
0x00007ffc984e0000 - 0x00007ffc984f0000 	C:\windows\System32\UMPDC.dll
0x00007ffc9aba0000 - 0x00007ffc9abf2000 	C:\windows\System32\shlwapi.dll
0x00007ffc98540000 - 0x00007ffc98551000 	C:\windows\System32\kernel.appcore.dll
0x00007ffc99300000 - 0x00007ffc99317000 	C:\windows\System32\cryptsp.dll
0x00007ffc75d80000 - 0x00007ffc75d9a000 	C:\Program Files\Android\Android Studio\jre\jre\bin\net.dll
0x00007ffc97d30000 - 0x00007ffc97d97000 	C:\windows\system32\mswsock.dll
0x00007ffc6b350000 - 0x00007ffc6b363000 	C:\Program Files\Android\Android Studio\jre\jre\bin\nio.dll

VM Arguments:
java_command: org.jetbrains.kotlin.cli.jvm.K2JVMCompiler @G:\AndroDev\RW-RedditClone\starter\app\build\20201109_4628778179193828503.compiler.options
java_class_path (initial): C:\Users\User\.gradle\caches\modules-2\files-2.1\org.jetbrains.kotlin\kotlin-compiler-embeddable\1.4.10\38c4b99d5d5362debdd9302a866730379aa2328a\kotlin-compiler-embeddable-1.4.10.jar;C:\Users\User\.gradle\caches\modules-2\files-2.1\org.jetbrains.kotlin\kotlin-reflect\1.4.10\e2b3c6695eee6085e606d96d685396dce23a3a06\kotlin-reflect-1.4.10.jar;C:\Users\User\.gradle\caches\modules-2\files-2.1\org.jetbrains.kotlin\kotlin-stdlib\1.4.10\ea29e063d2bbe695be13e9d044dcfb0c7add398e\kotlin-stdlib-1.4.10.jar;C:\Users\User\.gradle\caches\modules-2\files-2.1\org.jetbrains.kotlin\kotlin-script-runtime\1.4.10\7c19d9c2001e016cd7664cebe9eea66fc04a7f4f\kotlin-script-runtime-1.4.10.jar;C:\Users\User\.gradle\caches\modules-2\files-2.1\org.jetbrains.kotlin\kotlin-daemon-embeddable\1.4.10\dbd67f42bed28043d17d7c860b06110a00a45970\kotlin-daemon-embeddable-1.4.10.jar;C:\Users\User\.gradle\caches\modules-2\files-2.1\org.jetbrains.intellij.deps\trove4j\1.0.20181211\216c2e14b070f334479d800987affe4054cd563f\trove4j-1.0.20181211.jar;C:\Users\User\.gradle\caches\modules-2\files-2.1\org.jetbrains.kotlin\kotlin-stdlib-common\1.4.10\6229be3465805c99db1142ad75e6c6ddeac0b04c\kotlin-stdlib-common-1.4.10.jar;C:\Users\User\.gradle\caches\modules-2\files-2.1\org.jetbrains\annotations\13.0\919f0dfe192fb4e063e7dacadee7f8bb9a2672a9\annotations-13.0.jar;C:\Program Files\Android\Android Studio\jre\lib\tools.jar
Launcher Type: SUN_STANDARD

Environment Variables:
PATH=C:\Program Files (x86)\Common Files\Oracle\Java\javapath;C:\ProgramData\Oracle\Java\javapath;C:\Program Files (x86)\Common Files\Intel\Shared Libraries\redist\intel64\compiler;C:\Program Files (x86)\Intel\iCLS Client\;C:\Program Files\Intel\iCLS Client\;C:\windows\system32;C:\windows;C:\windows\System32\Wbem;C:\windows\System32\WindowsPowerShell\v1.0\;C:\Program Files (x86)\Intel\Intel(R) Management Engine Components\DAL;C:\Program Files\Intel\Intel(R) Management Engine Components\DAL;C:\Program Files (x86)\Intel\Intel(R) Management Engine Components\IPT;C:\Program Files\Intel\Intel(R) Management Engine Components\IPT;C:\Program Files (x86)\NVIDIA Corporation\PhysX\Common;C:\WINDOWS\system32;C:\WINDOWS;C:\WINDOWS\System32\Wbem;C:\WINDOWS\System32\WindowsPowerShell\v1.0\;C:\WINDOWS\System32\OpenSSH\;C:\Program Files\NVIDIA Corporation\NVIDIA NvDLISR;G:\Git\cmd;C:\MinGW\bin;C:\Program Files\nodejs\;C:\windows\system32;C:\windows;C:\windows\System32\Wbem;C:\windows\System32\WindowsPowerShell\v1.0\;C:\windows\System32\OpenSSH\;C:\Users\User\AppData\Local\Programs\Python\Python38-32\Scripts\;C:\Program Files (x86)\Common Files\Acronis\VirtualFile\;C:\Program Files (x86)\Common Files\Acronis\VirtualFile64\;C:\Program Files (x86)\Common Files\Acronis\FileProtector\;C:\Program Files (x86)\Common Files\Acronis\FileProtector64\;C:\Program Files (x86)\Common Files\Acronis\SnapAPI\;C:\Users\User\AppData\Local\Programs\Python\Python38-32\Scripts\;C:\Users\User\AppData\Local\Programs\Python\Python38-32\;G:\загрузки\mingw64tdm\bin;G:\Microsoft VS Code\bin;C:\Users\User\AppData\Local\Microsoft\WindowsApps;C:\Program Files\JetBrains\DataGrip 2019.2.3\bin;;C:\Users\User\AppData\Roaming\npm;C:\Users\User\Documents\R\win-library\3.6\BH\include\boost\python;C:\Program Files\JetBrains\WebStorm 2019.3.4\bin;;C:\Program Files\JetBrains\IntelliJ IDEA Community Edition 2020.1.2\bin;;C:\Program Files\Java\jdk-14.0.2\bin;C:\Users\User\AppData\Local\GitHubDesktop\bin;E:\cybersec\Nmap
USERNAME=User
OS=Windows_NT
PROCESSOR_IDENTIFIER=Intel64 Family 6 Model 158 Stepping 9, GenuineIntel



---------------  S Y S T E M  ---------------

OS: Windows 10.0 , 64 bit Build 18362 (10.0.18362.1110)

CPU:total 4 (initial active 4) (4 cores per cpu, 1 threads per core) family 6 model 158 stepping 9, cmov, cx8, fxsr, mmx, sse, sse2, sse3, ssse3, sse4.1, sse4.2, popcnt, avx, avx2, aes, clmul, erms, 3dnowpref, lzcnt, tsc, tscinvbit, bmi1, bmi2, adx

Memory: 4k page, physical 8271076k(527132k free), swap 18511076k(480k free)

vm_info: OpenJDK 64-Bit Server VM (25.242-b01) for windows-amd64 JRE (1.8.0_242-release-1644-b01), built by "builder" with MS VC++ 10.0 (VS2010)

time: Mon Nov 09 22:50:23 2020
timezone: Центральная Азия (зима)
elapsed time: 3 seconds (0d 0h 0m 3s)

